[
  {
    "Plan": {
      "Node Type": "Aggregate",
      "Strategy": "Plain",
      "Plan Rows": 1,
      "Plan Width": 16,
      "Startup Cost": 12.34,
      "Total Cost": 25.67,
      "Actual Startup Time": 0.142,
      "Actual Total Time": 8.934,
      "Actual Rows": 1,
      "Actual Loops": 1,
      "Plans": [
        {
          "Node Type": "Nested Loop",
          "Plan Rows": 12,
          "Plan Width": 16,
          "Actual Startup Time": 0.151,
          "Actual Total Time": 8.712,
          "Actual Rows": 120,
          "Actual Loops": 1,
          "Join Type": "Inner",
          "Plans": [
            {
              "Node Type": "Seq Scan",
              "Relation Name": "orders",
              "Alias": "o",
              "Plan Rows": 120,
              "Plan Width": 12,
              "Actual Startup Time": 0.015,
              "Actual Total Time": 3.214,
              "Actual Rows": 120,
              "Actual Loops": 1,
              "Filter": "((status)::text = 'completed'::text)",
              "Shared Hit Blocks": 212,
              "Shared Read Blocks": 4
            },
            {
              "Node Type": "Index Scan",
              "Relation Name": "customers",
              "Alias": "c",
              "Index Name": "customers_pkey",
              "Plan Rows": 1,
              "Plan Width": 8,
              "Actual Startup Time": 0.020,
              "Actual Total Time": 0.033,
              "Actual Rows": 1,
              "Actual Loops": 120,
              "Index Cond": "(customer_id = o.customer_id)",
              "Shared Hit Blocks": 420,
              "Shared Read Blocks": 15
            }
          ]
        }
      ]
    },
    "Planning Time": 0.287,
    "Execution Time": 9.204
  }
]

