[
  {
    "Plan": {
      "Node Type": "Hash Join",
      "Parallel Aware": false,
      "Async Capable": false,
      "Join Type": "Semi",
      "Startup Cost": 6375.19,
      "Total Cost": 9283.25,
      "Plan Rows": 500,
      "Plan Width": 18,
      "Actual Startup Time": 39.232,
      "Actual Total Time": 50.860,
      "Actual Rows": 500,
      "Actual Loops": 1,
      "Inner Unique": false,
      "Hash Cond": "(pgbench_accounts.aid = \"ANY_subquery\".aid)",
      "Shared Hit Blocks": 1696,
      "Shared Read Blocks": 1640,
      "Shared Dirtied Blocks": 0,
      "Shared Written Blocks": 0,
      "Local Hit Blocks": 0,
      "Local Read Blocks": 0,
      "Local Dirtied Blocks": 0,
      "Local Written Blocks": 0,
      "Temp Read Blocks": 0,
      "Temp Written Blocks": 0,
      "Plans": [
        {
          "Node Type": "Seq Scan",
          "Parent Relationship": "Outer",
          "Parallel Aware": false,
          "Async Capable": false,
          "Relation Name": "pgbench_accounts",
          "Alias": "pgbench_accounts",
          "Startup Cost": 0.00,
          "Total Cost": 2640.00,
          "Plan Rows": 100000,
          "Plan Width": 18,
          "Actual Startup Time": 0.041,
          "Actual Total Time": 7.577,
          "Actual Rows": 100000,
          "Actual Loops": 1,
          "Shared Hit Blocks": 1639,
          "Shared Read Blocks": 1,
          "Shared Dirtied Blocks": 0,
          "Shared Written Blocks": 0,
          "Local Hit Blocks": 0,
          "Local Read Blocks": 0,
          "Local Dirtied Blocks": 0,
          "Local Written Blocks": 0,
          "Temp Read Blocks": 0,
          "Temp Written Blocks": 0
        },
        {
          "Node Type": "Hash",
          "Parent Relationship": "Inner",
          "Parallel Aware": false,
          "Async Capable": false,
          "Startup Cost": 6368.94,
          "Total Cost": 6368.94,
          "Plan Rows": 500,
          "Plan Width": 4,
          "Actual Startup Time": 39.141,
          "Actual Total Time": 39.253,
          "Actual Rows": 500,
          "Actual Loops": 1,
          "Hash Buckets": 1024,
          "Original Hash Buckets": 1024,
          "Hash Batches": 1,
          "Original Hash Batches": 1,
          "Peak Memory Usage": 26,
          "Shared Hit Blocks": 57,
          "Shared Read Blocks": 1639,
          "Shared Dirtied Blocks": 0,
          "Shared Written Blocks": 0,
          "Local Hit Blocks": 0,
          "Local Read Blocks": 0,
          "Local Dirtied Blocks": 0,
          "Local Written Blocks": 0,
          "Temp Read Blocks": 0,
          "Temp Written Blocks": 0,
          "Plans": [
            {
              "Node Type": "Subquery Scan",
              "Parent Relationship": "Outer",
              "Parallel Aware": false,
              "Async Capable": false,
              "Alias": "ANY_subquery",
              "Startup Cost": 6306.44,
              "Total Cost": 6368.94,
              "Plan Rows": 500,
              "Plan Width": 4,
              "Actual Startup Time": 38.875,
              "Actual Total Time": 39.084,
              "Actual Rows": 500,
              "Actual Loops": 1,
              "Shared Hit Blocks": 57,
              "Shared Read Blocks": 1639,
              "Shared Dirtied Blocks": 0,
              "Shared Written Blocks": 0,
              "Local Hit Blocks": 0,
              "Local Read Blocks": 0,
              "Local Dirtied Blocks": 0,
              "Local Written Blocks": 0,
              "Temp Read Blocks": 0,
              "Temp Written Blocks": 0,
              "Plans": [
                {
                  "Node Type": "Limit",
                  "Parent Relationship": "Subquery",
                  "Parallel Aware": false,
                  "Async Capable": false,
                  "Startup Cost": 6306.44,
                  "Total Cost": 6363.94,
                  "Plan Rows": 500,
                  "Plan Width": 8,
                  "Actual Startup Time": 38.873,
                  "Actual Total Time": 39.052,
                  "Actual Rows": 500,
                  "Actual Loops": 1,
                  "Shared Hit Blocks": 57,
                  "Shared Read Blocks": 1639,
                  "Shared Dirtied Blocks": 0,
                  "Shared Written Blocks": 0,
                  "Local Hit Blocks": 0,
                  "Local Read Blocks": 0,
                  "Local Dirtied Blocks": 0,
                  "Local Written Blocks": 0,
                  "Temp Read Blocks": 0,
                  "Temp Written Blocks": 0,
                  "Plans": [
                    {
                      "Node Type": "Gather Merge",
                      "Parent Relationship": "Outer",
                      "Parallel Aware": false,
                      "Async Capable": false,
                      "Startup Cost": 6306.44,
                      "Total Cost": 13071.20,
                      "Plan Rows": 58824,
                      "Plan Width": 8,
                      "Actual Startup Time": 38.866,
                      "Actual Total Time": 39.022,
                      "Actual Rows": 500,
                      "Actual Loops": 1,
                      "Workers Planned": 1,
                      "Workers Launched": 1,
                      "Shared Hit Blocks": 57,
                      "Shared Read Blocks": 1639,
                      "Shared Dirtied Blocks": 0,
                      "Shared Written Blocks": 0,
                      "Local Hit Blocks": 0,
                      "Local Read Blocks": 0,
                      "Local Dirtied Blocks": 0,
                      "Local Written Blocks": 0,
                      "Temp Read Blocks": 0,
                      "Temp Written Blocks": 0,
                      "Plans": [
                        {
                          "Node Type": "Sort",
                          "Parent Relationship": "Outer",
                          "Parallel Aware": false,
                          "Async Capable": false,
                          "Startup Cost": 5306.43,
                          "Total Cost": 5453.49,
                          "Plan Rows": 58824,
                          "Plan Width": 8,
                          "Actual Startup Time": 36.406,
                          "Actual Total Time": 36.421,
                          "Actual Rows": 500,
                          "Actual Loops": 2,
                          "Sort Key": [
                            "inner_accounts.abalance DESC"
                          ],
                          "Sort Method": "top-N heapsort",
                          "Sort Space Used": 44,
                          "Sort Space Type": "Memory",
                          "Shared Hit Blocks": 57,
                          "Shared Read Blocks": 1639,
                          "Shared Dirtied Blocks": 0,
                          "Shared Written Blocks": 0,
                          "Local Hit Blocks": 0,
                          "Local Read Blocks": 0,
                          "Local Dirtied Blocks": 0,
                          "Local Written Blocks": 0,
                          "Temp Read Blocks": 0,
                          "Temp Written Blocks": 0,
                          "Workers": [
                            {
                              "Worker Number": 0,
                              "Sort Method": "top-N heapsort",
                              "Sort Space Used": 44,
                              "Sort Space Type": "Memory"
                            }
                          ],
                          "Plans": [
                            {
                              "Node Type": "Seq Scan",
                              "Parent Relationship": "Outer",
                              "Parallel Aware": true,
                              "Async Capable": false,
                              "Relation Name": "pgbench_accounts",
                              "Alias": "inner_accounts",
                              "Startup Cost": 0.00,
                              "Total Cost": 2375.29,
                              "Plan Rows": 58824,
                              "Plan Width": 8,
                              "Actual Startup Time": 0.018,
                              "Actual Total Time": 32.397,
                              "Actual Rows": 50000,
                              "Actual Loops": 2,
                              "Filter": "(bid = 1)",
                              "Rows Removed by Filter": 0,
                              "Shared Hit Blocks": 1,
                              "Shared Read Blocks": 1639,
                              "Shared Dirtied Blocks": 0,
                              "Shared Written Blocks": 0,
                              "Local Hit Blocks": 0,
                              "Local Read Blocks": 0,
                              "Local Dirtied Blocks": 0,
                              "Local Written Blocks": 0,
                              "Temp Read Blocks": 0,
                              "Temp Written Blocks": 0,
                              "Workers": []
                            }
                          ]
                        }
                      ]
                    }
                  ]
                }
              ]
            }
          ]
        }
      ]
    },
    "Planning": {
      "Shared Hit Blocks": 72,
      "Shared Read Blocks": 20,
      "Shared Dirtied Blocks": 0,
      "Shared Written Blocks": 0,
      "Local Hit Blocks": 0,
      "Local Read Blocks": 0,
      "Local Dirtied Blocks": 0,
      "Local Written Blocks": 0,
      "Temp Read Blocks": 0,
      "Temp Written Blocks": 0
    },
    "Planning Time": 2.127,
    "Triggers": [],
    "Execution Time": 51.076
  }
]
